<?xml version="1.0" encoding="UTF-8"?>
<!-- Generated by org.testng.reporters.JUnitReportReporter -->
<testsuite hostname="DESKTOP-UG71NEM" failures="0" tests="1" name="TestCases.TC_01_LoginTest" time="15.718" errors="0" timestamp="2023-11-11T16:55:08 IST" skipped="0">
  <testcase classname="TestCases.TC_01_LoginTest" name="loginTest" time="15.718"/>
  <system-out/>
</testsuite> <!-- TestCases.TC_01_LoginTest -->
